<?xml version="1.0" encoding="UTF-8"?>
<!-- Generated by org.testng.reporters.JUnitReportReporter -->
<testsuite hostname="Marija-HP255-G7" failures="0" tests="3" name="calculatorTest.DivMethodTest" time="0.026" errors="0" timestamp="2020-05-16T17:43:09 CEST" skipped="0">
  <testcase classname="calculatorTest.DivMethodTest" name="deljenjeNule" time="0.012"/>
  <system-out/>
  <testcase classname="calculatorTest.DivMethodTest" name="deljenjeSaNulom" time="0.004"/>
  <system-out/>
  <testcase classname="calculatorTest.DivMethodTest" name="deljenjePozNeg" time="0.010"/>
  <system-out/>
</testsuite> <!-- calculatorTest.DivMethodTest -->
