<?xml version="1.0" encoding="UTF-8"?>
<!-- Generated by org.testng.reporters.JUnitReportReporter -->
<testsuite hostname="Marija-HP255-G7" failures="0" tests="3" name="calculatorTest.CalculatorTest" time="0.032" errors="0" timestamp="2020-05-16T14:56:20 CEST" skipped="0">
  <testcase classname="calculatorTest.CalculatorTest" name="sabiranjePozitivanNegativan" time="0.004"/>
  <system-out/>
  <testcase classname="calculatorTest.CalculatorTest" name="sabiranjeNegativnih" time="0.025"/>
  <system-out/>
  <testcase classname="calculatorTest.CalculatorTest" name="sabiranjePozitivnih" time="0.003"/>
  <system-out/>
</testsuite> <!-- calculatorTest.CalculatorTest -->
